<?xml version="1.0" encoding="UTF-8"?>
<!-- Generated by org.testng.reporters.JUnitReportReporter -->
<testsuite skipped="0" hostname="lsinrogina4" name="org.designpattern.com.HeaderAndFooterTest" tests="2" failures="0" timestamp="2022-06-26T00:31:18 IST" time="0.160" errors="0">
  <testcase name="TestFooter" time="0.100" classname="org.designpattern.com.HeaderAndFooterTest"/>
  <system-out/>
  <testcase name="TestHeader" time="0.060" classname="org.designpattern.com.HeaderAndFooterTest"/>
  <system-out/>
</testsuite> <!-- org.designpattern.com.HeaderAndFooterTest -->
